Failed to insert user data into the database: Duplicate entry 'andreaparisi917@gmail.com' for key 'email'
Failed to insert user data into the database: Duplicate entry 'andreaparisi917@gmail.com' for key 'email'
Failed to insert user data into the database: Duplicate entry 'andreaparisi917@gmail.com' for key 'email'
Failed to insert user data into the database: Duplicate entry 'andreaparisi917@gmail.com' for key 'email'
Failed to insert user data into the database: Duplicate entry 'andreaparisi917@gmail.com' for key 'email'
Failed to insert user data into the database: Impossibile stabilire la connessione. Rifiuto persistente del computer di destinazione
Failed to insert user data into the database: Impossibile stabilire la connessione. Rifiuto persistente del computer di destinazione
Failed to insert user data into the database: Duplicate entry 'andreaparisi917@gmail.com' for key 'email'
Failed to insert user data into the database: Duplicate entry 'andreaparisi917@gmail.com' for key 'email'
Failed to insert user data into the database: Impossibile stabilire la connessione. Rifiuto persistente del computer di destinazione
Failed to insert user data into the database: Impossibile stabilire la connessione. Rifiuto persistente del computer di destinazione
Failed to insert user data into the database: Impossibile stabilire la connessione. Rifiuto persistente del computer di destinazione
Failed to insert user data into the database: Impossibile stabilire la connessione. Rifiuto persistente del computer di destinazione
Failed to insert user data into the database: Duplicate entry 'andreaparisi917@gmail.com' for key 'email'
Failed to insert user data into the database: Duplicate entry 'andreaparisi917@gmail.com' for key 'email'
Failed to access data: Impossibile stabilire la connessione. Rifiuto persistente del computer di destinazione
Errore durante la connessione al database:Impossibile stabilire la connessione. Rifiuto persistente del computer di destinazione
Errore durante la connessione al database:Impossibile stabilire la connessione. Rifiuto persistente del computer di destinazione
Errore durante la connessione al database:Impossibile stabilire la connessione. Rifiuto persistente del computer di destinazione
Errore o warning: Undefined array key 1 in C:\xampp\htdocs\Esercizi\Unicorn\login.php alla riga 45Errore durante la connessione al database:Impossibile stabilire la connessione. Rifiuto persistente del computer di destinazione
Errore o warning: Undefined variable $con in C:\xampp\htdocs\Esercizi\Unicorn\login.php alla riga 44Errore durante la connessione al database:Impossibile stabilire la connessione. Rifiuto persistente del computer di destinazione
Errore durante la connessione al database:Impossibile stabilire la connessione. Rifiuto persistente del computer di destinazione
Errore durante la connessione al database:Impossibile stabilire la connessione. Rifiuto persistente del computer di destinazione
Errore durante la connessione al database:Impossibile stabilire la connessione. Rifiuto persistente del computer di destinazione
Errore durante la connessione al database:Impossibile stabilire la connessione. Rifiuto persistente del computer di destinazione
Errore durante la connessione al database:Impossibile stabilire la connessione. Rifiuto persistente del computer di destinazione
Errore durante la connessione al database:Impossibile stabilire la connessione. Rifiuto persistente del computer di destinazione
Errore durante la connessione al database:Impossibile stabilire la connessione. Rifiuto persistente del computer di destinazione
Errore durante la connessione al database:Impossibile stabilire la connessione. Rifiuto persistente del computer di destinazione
Failed to insert user data into the database: Duplicate entry 'andreaparisi917@gmail.com' for key 'email'
